

Processing QuestionsController#index (for 127.0.0.1 at 2008-09-30 22:00:16) [GET]
  Session ID: 7036f93d5ebc5f39fdf27c802099bd7d
  Parameters: {"action"=>"index", "controller"=>"questions"}
  [4;36;1mQuestion Load (0.000000)[0m   [0;1mSQLite3::SQLException: no such table: questions: SELECT * FROM "questions" [0m


ActiveRecord::StatementInvalid (SQLite3::SQLException: no such table: questions: SELECT * FROM "questions"     ):
    /Library/Ruby/Gems/1.8/gems/activerecord-2.1.0/lib/active_record/connection_adapters/abstract_adapter.rb:147:in `log'
    /Library/Ruby/Gems/1.8/gems/activerecord-2.1.0/lib/active_record/connection_adapters/sqlite_adapter.rb:132:in `execute'
    /Library/Ruby/Gems/1.8/gems/activerecord-2.1.0/lib/active_record/connection_adapters/sqlite_adapter.rb:360:in `catch_schema_changes'
    /Library/Ruby/Gems/1.8/gems/activerecord-2.1.0/lib/active_record/connection_adapters/sqlite_adapter.rb:132:in `execute'
    /Library/Ruby/Gems/1.8/gems/activerecord-2.1.0/lib/active_record/connection_adapters/sqlite_adapter.rb:263:in `select'
    /Library/Ruby/Gems/1.8/gems/activerecord-2.1.0/lib/active_record/connection_adapters/abstract/database_statements.rb:7:in `select_all_without_query_cache'
    /Library/Ruby/Gems/1.8/gems/activerecord-2.1.0/lib/active_record/connection_adapters/abstract/query_cache.rb:59:in `select_all'
    /Library/Ruby/Gems/1.8/gems/activerecord-2.1.0/lib/active_record/connection_adapters/abstract/query_cache.rb:80:in `cache_sql'
    /Library/Ruby/Gems/1.8/gems/activerecord-2.1.0/lib/active_record/connection_adapters/abstract/query_cache.rb:59:in `select_all'
    /Library/Ruby/Gems/1.8/gems/activerecord-2.1.0/lib/active_record/base.rb:582:in `find_by_sql'
    /Library/Ruby/Gems/1.8/gems/activerecord-2.1.0/lib/active_record/base.rb:1341:in `find_every'
    /Library/Ruby/Gems/1.8/gems/activerecord-2.1.0/lib/active_record/base.rb:536:in `find'
    /app/controllers/questions_controller.rb:5:in `index'
    /Library/Ruby/Gems/1.8/gems/actionpack-2.1.0/lib/action_controller/base.rb:1162:in `send'
    /Library/Ruby/Gems/1.8/gems/actionpack-2.1.0/lib/action_controller/base.rb:1162:in `perform_action_without_filters'
    /Library/Ruby/Gems/1.8/gems/actionpack-2.1.0/lib/action_controller/filters.rb:580:in `call_filters'
    /Library/Ruby/Gems/1.8/gems/actionpack-2.1.0/lib/action_controller/filters.rb:573:in `perform_action_without_benchmark'
    /Library/Ruby/Gems/1.8/gems/actionpack-2.1.0/lib/action_controller/benchmarking.rb:68:in `perform_action_without_rescue'
    /System/Library/Frameworks/Ruby.framework/Versions/1.8/usr/lib/ruby/1.8/benchmark.rb:293:in `measure'
    /Library/Ruby/Gems/1.8/gems/actionpack-2.1.0/lib/action_controller/benchmarking.rb:68:in `perform_action_without_rescue'
    /Library/Ruby/Gems/1.8/gems/actionpack-2.1.0/lib/action_controller/rescue.rb:201:in `perform_action_without_caching'
    /Library/Ruby/Gems/1.8/gems/actionpack-2.1.0/lib/action_controller/caching/sql_cache.rb:13:in `perform_action'
    /Library/Ruby/Gems/1.8/gems/activerecord-2.1.0/lib/active_record/connection_adapters/abstract/query_cache.rb:33:in `cache'
    /Library/Ruby/Gems/1.8/gems/activerecord-2.1.0/lib/active_record/query_cache.rb:8:in `cache'
    /Library/Ruby/Gems/1.8/gems/actionpack-2.1.0/lib/action_controller/caching/sql_cache.rb:12:in `perform_action'
    /Library/Ruby/Gems/1.8/gems/actionpack-2.1.0/lib/action_controller/base.rb:529:in `send'
    /Library/Ruby/Gems/1.8/gems/actionpack-2.1.0/lib/action_controller/base.rb:529:in `process_without_filters'
    /Library/Ruby/Gems/1.8/gems/actionpack-2.1.0/lib/action_controller/filters.rb:569:in `process_without_session_management_support'
    /Library/Ruby/Gems/1.8/gems/actionpack-2.1.0/lib/action_controller/session_management.rb:130:in `process'
    /Library/Ruby/Gems/1.8/gems/actionpack-2.1.0/lib/action_controller/base.rb:389:in `process'
    /Library/Ruby/Gems/1.8/gems/actionpack-2.1.0/lib/action_controller/dispatcher.rb:149:in `handle_request'
    /Library/Ruby/Gems/1.8/gems/actionpack-2.1.0/lib/action_controller/dispatcher.rb:107:in `dispatch'
    /Library/Ruby/Gems/1.8/gems/actionpack-2.1.0/lib/action_controller/dispatcher.rb:104:in `synchronize'
    /Library/Ruby/Gems/1.8/gems/actionpack-2.1.0/lib/action_controller/dispatcher.rb:104:in `dispatch'
    /Library/Ruby/Gems/1.8/gems/actionpack-2.1.0/lib/action_controller/dispatcher.rb:120:in `dispatch_cgi'
    /Library/Ruby/Gems/1.8/gems/actionpack-2.1.0/lib/action_controller/dispatcher.rb:35:in `dispatch'
    /Library/Ruby/Gems/1.8/gems/mongrel-1.1.5/bin/../lib/mongrel/rails.rb:76:in `process'
    /Library/Ruby/Gems/1.8/gems/mongrel-1.1.5/bin/../lib/mongrel/rails.rb:74:in `synchronize'
    /Library/Ruby/Gems/1.8/gems/mongrel-1.1.5/bin/../lib/mongrel/rails.rb:74:in `process'
    /Library/Ruby/Gems/1.8/gems/mongrel-1.1.5/lib/mongrel.rb:159:in `process_client'
    /Library/Ruby/Gems/1.8/gems/mongrel-1.1.5/lib/mongrel.rb:158:in `each'
    /Library/Ruby/Gems/1.8/gems/mongrel-1.1.5/lib/mongrel.rb:158:in `process_client'
    /Library/Ruby/Gems/1.8/gems/mongrel-1.1.5/lib/mongrel.rb:285:in `run'
    /Library/Ruby/Gems/1.8/gems/mongrel-1.1.5/lib/mongrel.rb:285:in `initialize'
    /Library/Ruby/Gems/1.8/gems/mongrel-1.1.5/lib/mongrel.rb:285:in `new'
    /Library/Ruby/Gems/1.8/gems/mongrel-1.1.5/lib/mongrel.rb:285:in `run'
    /Library/Ruby/Gems/1.8/gems/mongrel-1.1.5/lib/mongrel.rb:268:in `initialize'
    /Library/Ruby/Gems/1.8/gems/mongrel-1.1.5/lib/mongrel.rb:268:in `new'
    /Library/Ruby/Gems/1.8/gems/mongrel-1.1.5/lib/mongrel.rb:268:in `run'
    /Library/Ruby/Gems/1.8/gems/mongrel-1.1.5/lib/mongrel/configurator.rb:282:in `run'
    /Library/Ruby/Gems/1.8/gems/mongrel-1.1.5/lib/mongrel/configurator.rb:281:in `each'
    /Library/Ruby/Gems/1.8/gems/mongrel-1.1.5/lib/mongrel/configurator.rb:281:in `run'
    /Library/Ruby/Gems/1.8/gems/mongrel-1.1.5/bin/mongrel_rails:128:in `run'
    /Library/Ruby/Gems/1.8/gems/mongrel-1.1.5/lib/mongrel/command.rb:212:in `run'
    /Library/Ruby/Gems/1.8/gems/mongrel-1.1.5/bin/mongrel_rails:281
    /Library/Ruby/Gems/1.8/gems/activesupport-2.1.0/lib/active_support/dependencies.rb:502:in `load'
    /Library/Ruby/Gems/1.8/gems/activesupport-2.1.0/lib/active_support/dependencies.rb:502:in `load'
    /Library/Ruby/Gems/1.8/gems/activesupport-2.1.0/lib/active_support/dependencies.rb:354:in `new_constants_in'
    /Library/Ruby/Gems/1.8/gems/activesupport-2.1.0/lib/active_support/dependencies.rb:502:in `load'
    /Library/Ruby/Gems/1.8/gems/rails-2.1.0/lib/commands/servers/mongrel.rb:64
    /System/Library/Frameworks/Ruby.framework/Versions/1.8/usr/lib/ruby/1.8/rubygems/custom_require.rb:27:in `gem_original_require'
    /System/Library/Frameworks/Ruby.framework/Versions/1.8/usr/lib/ruby/1.8/rubygems/custom_require.rb:27:in `require'
    /Library/Ruby/Gems/1.8/gems/activesupport-2.1.0/lib/active_support/dependencies.rb:509:in `require'
    /Library/Ruby/Gems/1.8/gems/activesupport-2.1.0/lib/active_support/dependencies.rb:354:in `new_constants_in'
    /Library/Ruby/Gems/1.8/gems/activesupport-2.1.0/lib/active_support/dependencies.rb:509:in `require'
    /Library/Ruby/Gems/1.8/gems/rails-2.1.0/lib/commands/server.rb:39
    /System/Library/Frameworks/Ruby.framework/Versions/1.8/usr/lib/ruby/1.8/rubygems/custom_require.rb:27:in `gem_original_require'
    /System/Library/Frameworks/Ruby.framework/Versions/1.8/usr/lib/ruby/1.8/rubygems/custom_require.rb:27:in `require'
    script/server:3

Rendering /Library/Ruby/Gems/1.8/gems/actionpack-2.1.0/lib/action_controller/templates/rescues/layout.erb (internal_server_error)
  [4;36;1mSQL (0.000292)[0m   [0;1m SELECT name
 FROM sqlite_master
 WHERE type = 'table' AND NOT name = 'sqlite_sequence'
[0m
  [4;35;1mSQL (0.000165)[0m   [0mselect sqlite_version(*)[0m
  [4;36;1mSQL (0.003713)[0m   [0;1mCREATE TABLE "schema_migrations" ("version" varchar(255) NOT NULL) [0m
  [4;35;1mSQL (0.002806)[0m   [0mCREATE UNIQUE INDEX "unique_schema_migrations" ON "schema_migrations" ("version")[0m
  [4;36;1mSQL (0.000677)[0m   [0;1m SELECT name
 FROM sqlite_master
 WHERE type = 'table' AND NOT name = 'sqlite_sequence'
[0m
  [4;35;1mSQL (0.000265)[0m   [0mSELECT version FROM schema_migrations[0m
Migrating to CreateQuestions (20081001020003)
  [4;36;1mSQL (0.000146)[0m   [0;1mSELECT version FROM schema_migrations[0m
  [4;35;1mSQL (0.002434)[0m   [0mCREATE TABLE "questions" ("id" INTEGER PRIMARY KEY AUTOINCREMENT NOT NULL, "title" varchar(255) DEFAULT NULL NULL, "body" text DEFAULT NULL NULL, "created_at" datetime DEFAULT NULL NULL, "updated_at" datetime DEFAULT NULL NULL) [0m
  [4;36;1mSQL (0.002104)[0m   [0;1mINSERT INTO schema_migrations (version) VALUES ('20081001020003')[0m
  [4;35;1mSQL (0.000377)[0m   [0mSELECT version FROM schema_migrations[0m
  [4;36;1mSQL (0.000479)[0m   [0;1m SELECT name
 FROM sqlite_master
 WHERE type = 'table' AND NOT name = 'sqlite_sequence'
[0m
  [4;35;1mSQL (0.000106)[0m   [0mPRAGMA index_list("questions")[0m


Processing QuestionsController#index (for 127.0.0.1 at 2008-09-30 22:00:30) [GET]
  Session ID: BAh7BiIKZmxhc2hJQzonQWN0aW9uQ29udHJvbGxlcjo6Rmxhc2g6OkZsYXNo
SGFzaHsABjoKQHVzZWR7AA==--53c1e96f41c168e51fe8d3af04136ba80a2238e2
  Parameters: {"action"=>"index", "controller"=>"questions"}
  [4;35;1mQuestion Load (0.000380)[0m   [0mSELECT * FROM "questions" [0m
Rendering template within layouts/questions
Rendering questions/index
Completed in 0.00815 (122 reqs/sec) | Rendering: 0.00269 (32%) | DB: 0.00038 (4%) | 200 OK [http://localhost/questions]


Processing QuestionsController#new (for 127.0.0.1 at 2008-09-30 22:00:34) [GET]
  Session ID: BAh7BiIKZmxhc2hJQzonQWN0aW9uQ29udHJvbGxlcjo6Rmxhc2g6OkZsYXNo
SGFzaHsABjoKQHVzZWR7AA==--53c1e96f41c168e51fe8d3af04136ba80a2238e2
  Parameters: {"action"=>"new", "controller"=>"questions"}
Rendering template within layouts/questions
Rendering questions/new
Completed in 0.01318 (75 reqs/sec) | Rendering: 0.00500 (37%) | DB: 0.00000 (0%) | 200 OK [http://localhost/questions/new]


Processing QuestionsController#index (for 127.0.0.1 at 2008-09-30 22:05:05) [GET]
  Session ID: BAh7ByIKZmxhc2hJQzonQWN0aW9uQ29udHJvbGxlcjo6Rmxhc2g6OkZsYXNo
SGFzaHsABjoKQHVzZWR7ADoMY3NyZl9pZCIlYzNmNmYzNmNjNDRkMjQwOTg1
YWMxYzkwZTkxOWU3YWE=--4916fa5cdd3d3c01bd0848946280aee4e3af39ec
  Parameters: {"action"=>"index", "controller"=>"questions"}
  [4;36;1mQuestion Load (0.000328)[0m   [0;1mSELECT * FROM "questions" [0m
Rendering template within layouts/questions
Rendering questions/index
Completed in 0.00811 (123 reqs/sec) | Rendering: 0.00178 (21%) | DB: 0.00033 (4%) | 200 OK [http://localhost/questions]


Processing QuestionsController#index (for 127.0.0.1 at 2008-09-30 22:06:03) [GET]
  Session ID: BAh7ByIKZmxhc2hJQzonQWN0aW9uQ29udHJvbGxlcjo6Rmxhc2g6OkZsYXNo
SGFzaHsABjoKQHVzZWR7ADoMY3NyZl9pZCIlYzNmNmYzNmNjNDRkMjQwOTg1
YWMxYzkwZTkxOWU3YWE=--4916fa5cdd3d3c01bd0848946280aee4e3af39ec
  Parameters: {"action"=>"index", "controller"=>"questions"}
  [4;35;1mQuestion Load (0.000351)[0m   [0mSELECT * FROM "questions" [0m
Rendering template within layouts/questions
Rendering questions/index
Completed in 0.00810 (123 reqs/sec) | Rendering: 0.00215 (26%) | DB: 0.00035 (4%) | 200 OK [http://localhost/questions]


Processing QuestionsController#index (for 127.0.0.1 at 2008-09-30 22:11:13) [GET]
  Session ID: BAh7ByIKZmxhc2hJQzonQWN0aW9uQ29udHJvbGxlcjo6Rmxhc2g6OkZsYXNo
SGFzaHsABjoKQHVzZWR7ADoMY3NyZl9pZCIlYzNmNmYzNmNjNDRkMjQwOTg1
YWMxYzkwZTkxOWU3YWE=--4916fa5cdd3d3c01bd0848946280aee4e3af39ec
  Parameters: {"action"=>"index", "controller"=>"questions"}
  [4;36;1mQuestion Load (0.000321)[0m   [0;1mSELECT * FROM "questions" [0m
Rendering template within layouts/questions
Rendering questions/index
Completed in 0.00749 (133 reqs/sec) | Rendering: 0.00172 (22%) | DB: 0.00032 (4%) | 200 OK [http://localhost/questions]


Processing QuestionsController#new (for 127.0.0.1 at 2008-09-30 22:11:29) [GET]
  Session ID: BAh7ByIKZmxhc2hJQzonQWN0aW9uQ29udHJvbGxlcjo6Rmxhc2g6OkZsYXNo
SGFzaHsABjoKQHVzZWR7ADoMY3NyZl9pZCIlYzNmNmYzNmNjNDRkMjQwOTg1
YWMxYzkwZTkxOWU3YWE=--4916fa5cdd3d3c01bd0848946280aee4e3af39ec
  Parameters: {"action"=>"new", "controller"=>"questions"}
Rendering template within layouts/questions
Rendering questions/new
Completed in 0.00814 (122 reqs/sec) | Rendering: 0.00253 (31%) | DB: 0.00000 (0%) | 200 OK [http://localhost/questions/new]


Processing QuestionsController#create (for 127.0.0.1 at 2008-09-30 22:11:41) [POST]
  Session ID: BAh7ByIKZmxhc2hJQzonQWN0aW9uQ29udHJvbGxlcjo6Rmxhc2g6OkZsYXNo
SGFzaHsABjoKQHVzZWR7ADoMY3NyZl9pZCIlYzNmNmYzNmNjNDRkMjQwOTg1
YWMxYzkwZTkxOWU3YWE=--4916fa5cdd3d3c01bd0848946280aee4e3af39ec
  Parameters: {"commit"=>"Create", "authenticity_token"=>"b33081d2dacc6b59387771cf955c750704f45b63", "action"=>"create", "question"=>{"title"=>"How are you?", "body"=>"Really, how are you?"}, "controller"=>"questions"}
  [4;35;1mQuestion Create (0.000392)[0m   [0mINSERT INTO "questions" ("updated_at", "title", "body", "created_at") VALUES('2008-10-01 02:11:41', 'How are you?', 'Really, how are you?', '2008-10-01 02:11:41')[0m
Redirected to http://localhost:3000/questions/1
Completed in 0.01056 (94 reqs/sec) | DB: 0.00039 (3%) | 302 Found [http://localhost/questions]


Processing QuestionsController#show (for 127.0.0.1 at 2008-09-30 22:11:41) [GET]
  Session ID: BAh7ByIKZmxhc2hJQzonQWN0aW9uQ29udHJvbGxlcjo6Rmxhc2g6OkZsYXNo
SGFzaHsGOgtub3RpY2UiJ1F1ZXN0aW9uIHdhcyBzdWNjZXNzZnVsbHkgY3Jl
YXRlZC4GOgpAdXNlZHsGOwZGOgxjc3JmX2lkIiVjM2Y2ZjM2Y2M0NGQyNDA5
ODVhYzFjOTBlOTE5ZTdhYQ==--ffb45f11f3560d2ffe00c2f14bbf67103f662f53
  Parameters: {"action"=>"show", "id"=>"1", "controller"=>"questions"}
  [4;36;1mQuestion Load (0.000224)[0m   [0;1mSELECT * FROM "questions" WHERE ("questions"."id" = 1) [0m
Rendering template within layouts/questions
Rendering questions/show
Completed in 0.00830 (120 reqs/sec) | Rendering: 0.00215 (25%) | DB: 0.00022 (2%) | 200 OK [http://localhost/questions/1]


Processing QuestionsController#index (for 127.0.0.1 at 2008-09-30 22:11:48) [GET]
  Session ID: BAh7ByIKZmxhc2hJQzonQWN0aW9uQ29udHJvbGxlcjo6Rmxhc2g6OkZsYXNo
SGFzaHsGOgtub3RpY2UiJ1F1ZXN0aW9uIHdhcyBzdWNjZXNzZnVsbHkgY3Jl
YXRlZC4GOgpAdXNlZHsGOwZUOgxjc3JmX2lkIiVjM2Y2ZjM2Y2M0NGQyNDA5
ODVhYzFjOTBlOTE5ZTdhYQ==--6f6c06d8a2a656922ff395cdec111006516d56fa
  Parameters: {"action"=>"index", "controller"=>"questions"}
  [4;35;1mQuestion Load (0.000447)[0m   [0mSELECT * FROM "questions" [0m
Rendering template within layouts/questions
Rendering questions/index


ActionView::TemplateError (wrong number of arguments (2 for 1)) on line #13 of questions/index.html.erb:
10: 
11: 			<% for question in @questions %>
12: 				<div class="question">
13: 					<h3><%=link_to h question.title, question %></h3>
14: 				    <td><%= link_to 'Show', question %></td>
15: 				</div>
16: 			<% end %>

    app/views/questions/index.html.erb:13:in `h'
    app/views/questions/index.html.erb:13:in `_run_erb_47app47views47questions47index46html46erb'
    app/views/questions/index.html.erb:11:in `each'
    app/views/questions/index.html.erb:11:in `_run_erb_47app47views47questions47index46html46erb'
    /Library/Ruby/Gems/1.8/gems/actionpack-2.1.0/lib/action_view/base.rb:338:in `send'
    /Library/Ruby/Gems/1.8/gems/actionpack-2.1.0/lib/action_view/base.rb:338:in `execute'
    /Library/Ruby/Gems/1.8/gems/actionpack-2.1.0/lib/action_view/template_handlers/compilable.rb:29:in `send'
    /Library/Ruby/Gems/1.8/gems/actionpack-2.1.0/lib/action_view/template_handlers/compilable.rb:29:in `render'
    /Library/Ruby/Gems/1.8/gems/actionpack-2.1.0/lib/action_view/template.rb:35:in `render'
    /Library/Ruby/Gems/1.8/gems/actionpack-2.1.0/lib/action_view/template.rb:22:in `render_template'
    /Library/Ruby/Gems/1.8/gems/actionpack-2.1.0/lib/action_view/base.rb:245:in `render_file'
    /Library/Ruby/Gems/1.8/gems/actionpack-2.1.0/lib/action_controller/base.rb:1108:in `render_for_file'
    /Library/Ruby/Gems/1.8/gems/actionpack-2.1.0/lib/action_controller/base.rb:865:in `render_with_no_layout'
    /Library/Ruby/Gems/1.8/gems/actionpack-2.1.0/lib/action_controller/base.rb:880:in `render_with_no_layout'
    /Library/Ruby/Gems/1.8/gems/actionpack-2.1.0/lib/action_controller/layout.rb:251:in `render_without_benchmark'
    /Library/Ruby/Gems/1.8/gems/actionpack-2.1.0/lib/action_controller/benchmarking.rb:51:in `render'
    /Library/Ruby/Gems/1.8/gems/activesupport-2.1.0/lib/active_support/core_ext/benchmark.rb:8:in `realtime'
    /Library/Ruby/Gems/1.8/gems/actionpack-2.1.0/lib/action_controller/benchmarking.rb:51:in `render'
    /Library/Ruby/Gems/1.8/gems/actionpack-2.1.0/lib/action_controller/mime_responds.rb:131:in `send'
    /Library/Ruby/Gems/1.8/gems/actionpack-2.1.0/lib/action_controller/mime_responds.rb:131:in `custom'
    /Library/Ruby/Gems/1.8/gems/actionpack-2.1.0/lib/action_controller/mime_responds.rb:160:in `call'
    /Library/Ruby/Gems/1.8/gems/actionpack-2.1.0/lib/action_controller/mime_responds.rb:160:in `respond'
    /Library/Ruby/Gems/1.8/gems/actionpack-2.1.0/lib/action_controller/mime_responds.rb:154:in `each'
    /Library/Ruby/Gems/1.8/gems/actionpack-2.1.0/lib/action_controller/mime_responds.rb:154:in `respond'
    /Library/Ruby/Gems/1.8/gems/actionpack-2.1.0/lib/action_controller/mime_responds.rb:107:in `respond_to'
    app/controllers/questions_controller.rb:7:in `index'
    /Library/Ruby/Gems/1.8/gems/actionpack-2.1.0/lib/action_controller/base.rb:1162:in `send'
    /Library/Ruby/Gems/1.8/gems/actionpack-2.1.0/lib/action_controller/base.rb:1162:in `perform_action_without_filters'
    /Library/Ruby/Gems/1.8/gems/actionpack-2.1.0/lib/action_controller/filters.rb:580:in `call_filters'
    /Library/Ruby/Gems/1.8/gems/actionpack-2.1.0/lib/action_controller/filters.rb:573:in `perform_action_without_benchmark'
    /Library/Ruby/Gems/1.8/gems/actionpack-2.1.0/lib/action_controller/benchmarking.rb:68:in `perform_action_without_rescue'
    /System/Library/Frameworks/Ruby.framework/Versions/1.8/usr/lib/ruby/1.8/benchmark.rb:293:in `measure'
    /Library/Ruby/Gems/1.8/gems/actionpack-2.1.0/lib/action_controller/benchmarking.rb:68:in `perform_action_without_rescue'
    /Library/Ruby/Gems/1.8/gems/actionpack-2.1.0/lib/action_controller/rescue.rb:201:in `perform_action_without_caching'
    /Library/Ruby/Gems/1.8/gems/actionpack-2.1.0/lib/action_controller/caching/sql_cache.rb:13:in `perform_action'
    /Library/Ruby/Gems/1.8/gems/activerecord-2.1.0/lib/active_record/connection_adapters/abstract/query_cache.rb:33:in `cache'
    /Library/Ruby/Gems/1.8/gems/activerecord-2.1.0/lib/active_record/query_cache.rb:8:in `cache'
    /Library/Ruby/Gems/1.8/gems/actionpack-2.1.0/lib/action_controller/caching/sql_cache.rb:12:in `perform_action'
    /Library/Ruby/Gems/1.8/gems/actionpack-2.1.0/lib/action_controller/base.rb:529:in `send'
    /Library/Ruby/Gems/1.8/gems/actionpack-2.1.0/lib/action_controller/base.rb:529:in `process_without_filters'
    /Library/Ruby/Gems/1.8/gems/actionpack-2.1.0/lib/action_controller/filters.rb:569:in `process_without_session_management_support'
    /Library/Ruby/Gems/1.8/gems/actionpack-2.1.0/lib/action_controller/session_management.rb:130:in `process'
    /Library/Ruby/Gems/1.8/gems/actionpack-2.1.0/lib/action_controller/base.rb:389:in `process'
    /Library/Ruby/Gems/1.8/gems/actionpack-2.1.0/lib/action_controller/dispatcher.rb:149:in `handle_request'
    /Library/Ruby/Gems/1.8/gems/actionpack-2.1.0/lib/action_controller/dispatcher.rb:107:in `dispatch'
    /Library/Ruby/Gems/1.8/gems/actionpack-2.1.0/lib/action_controller/dispatcher.rb:104:in `synchronize'
    /Library/Ruby/Gems/1.8/gems/actionpack-2.1.0/lib/action_controller/dispatcher.rb:104:in `dispatch'
    /Library/Ruby/Gems/1.8/gems/actionpack-2.1.0/lib/action_controller/dispatcher.rb:120:in `dispatch_cgi'
    /Library/Ruby/Gems/1.8/gems/actionpack-2.1.0/lib/action_controller/dispatcher.rb:35:in `dispatch'
    /Library/Ruby/Gems/1.8/gems/mongrel-1.1.5/lib/mongrel/rails.rb:76:in `process'
    /Library/Ruby/Gems/1.8/gems/mongrel-1.1.5/lib/mongrel/rails.rb:74:in `synchronize'
    /Library/Ruby/Gems/1.8/gems/mongrel-1.1.5/lib/mongrel/rails.rb:74:in `process'
    /Library/Ruby/Gems/1.8/gems/mongrel-1.1.5/lib/mongrel.rb:159:in `process_client'
    /Library/Ruby/Gems/1.8/gems/mongrel-1.1.5/lib/mongrel.rb:158:in `each'
    /Library/Ruby/Gems/1.8/gems/mongrel-1.1.5/lib/mongrel.rb:158:in `process_client'
    /Library/Ruby/Gems/1.8/gems/mongrel-1.1.5/lib/mongrel.rb:285:in `run'
    /Library/Ruby/Gems/1.8/gems/mongrel-1.1.5/lib/mongrel.rb:285:in `initialize'
    /Library/Ruby/Gems/1.8/gems/mongrel-1.1.5/lib/mongrel.rb:285:in `new'
    /Library/Ruby/Gems/1.8/gems/mongrel-1.1.5/lib/mongrel.rb:285:in `run'
    /Library/Ruby/Gems/1.8/gems/mongrel-1.1.5/lib/mongrel.rb:268:in `initialize'
    /Library/Ruby/Gems/1.8/gems/mongrel-1.1.5/lib/mongrel.rb:268:in `new'
    /Library/Ruby/Gems/1.8/gems/mongrel-1.1.5/lib/mongrel.rb:268:in `run'
    /Library/Ruby/Gems/1.8/gems/mongrel-1.1.5/lib/mongrel/configurator.rb:282:in `run'
    /Library/Ruby/Gems/1.8/gems/mongrel-1.1.5/lib/mongrel/configurator.rb:281:in `each'
    /Library/Ruby/Gems/1.8/gems/mongrel-1.1.5/lib/mongrel/configurator.rb:281:in `run'
    /Library/Ruby/Gems/1.8/gems/mongrel-1.1.5/bin/mongrel_rails:128:in `run'
    /Library/Ruby/Gems/1.8/gems/mongrel-1.1.5/lib/mongrel/command.rb:212:in `run'
    /Library/Ruby/Gems/1.8/gems/mongrel-1.1.5/bin/mongrel_rails:281
    /Library/Ruby/Gems/1.8/gems/activesupport-2.1.0/lib/active_support/dependencies.rb:502:in `load'
    /Library/Ruby/Gems/1.8/gems/activesupport-2.1.0/lib/active_support/dependencies.rb:502:in `load'
    /Library/Ruby/Gems/1.8/gems/activesupport-2.1.0/lib/active_support/dependencies.rb:354:in `new_constants_in'
    /Library/Ruby/Gems/1.8/gems/activesupport-2.1.0/lib/active_support/dependencies.rb:502:in `load'
    /Library/Ruby/Gems/1.8/gems/rails-2.1.0/lib/commands/servers/mongrel.rb:64
    /System/Library/Frameworks/Ruby.framework/Versions/1.8/usr/lib/ruby/1.8/rubygems/custom_require.rb:27:in `gem_original_require'
    /System/Library/Frameworks/Ruby.framework/Versions/1.8/usr/lib/ruby/1.8/rubygems/custom_require.rb:27:in `require'
    /Library/Ruby/Gems/1.8/gems/activesupport-2.1.0/lib/active_support/dependencies.rb:509:in `require'
    /Library/Ruby/Gems/1.8/gems/activesupport-2.1.0/lib/active_support/dependencies.rb:354:in `new_constants_in'
    /Library/Ruby/Gems/1.8/gems/activesupport-2.1.0/lib/active_support/dependencies.rb:509:in `require'
    /Library/Ruby/Gems/1.8/gems/rails-2.1.0/lib/commands/server.rb:39
    /System/Library/Frameworks/Ruby.framework/Versions/1.8/usr/lib/ruby/1.8/rubygems/custom_require.rb:27:in `gem_original_require'
    /System/Library/Frameworks/Ruby.framework/Versions/1.8/usr/lib/ruby/1.8/rubygems/custom_require.rb:27:in `require'
    script/server:3

Rendering /Library/Ruby/Gems/1.8/gems/actionpack-2.1.0/lib/action_controller/templates/rescues/layout.erb (internal_server_error)


Processing QuestionsController#index (for 127.0.0.1 at 2008-09-30 22:12:08) [GET]
  Session ID: BAh7ByIKZmxhc2hJQzonQWN0aW9uQ29udHJvbGxlcjo6Rmxhc2g6OkZsYXNo
SGFzaHsABjoKQHVzZWR7ADoMY3NyZl9pZCIlYzNmNmYzNmNjNDRkMjQwOTg1
YWMxYzkwZTkxOWU3YWE=--4916fa5cdd3d3c01bd0848946280aee4e3af39ec
  Parameters: {"action"=>"index", "controller"=>"questions"}
  [4;36;1mQuestion Load (0.000486)[0m   [0;1mSELECT * FROM "questions" [0m
Rendering template within layouts/questions
Rendering questions/index
Completed in 0.00864 (115 reqs/sec) | Rendering: 0.00332 (38%) | DB: 0.00049 (5%) | 200 OK [http://localhost/questions]


Processing QuestionsController#index (for 127.0.0.1 at 2008-09-30 22:12:23) [GET]
  Session ID: BAh7ByIKZmxhc2hJQzonQWN0aW9uQ29udHJvbGxlcjo6Rmxhc2g6OkZsYXNo
SGFzaHsABjoKQHVzZWR7ADoMY3NyZl9pZCIlYzNmNmYzNmNjNDRkMjQwOTg1
YWMxYzkwZTkxOWU3YWE=--4916fa5cdd3d3c01bd0848946280aee4e3af39ec
  Parameters: {"action"=>"index", "controller"=>"questions"}
  [4;35;1mQuestion Load (0.000449)[0m   [0mSELECT * FROM "questions" [0m
Rendering template within layouts/questions
Rendering questions/index
Completed in 0.00845 (118 reqs/sec) | Rendering: 0.00315 (37%) | DB: 0.00045 (5%) | 200 OK [http://localhost/questions]


Processing QuestionsController#index (for 127.0.0.1 at 2008-09-30 22:13:08) [GET]
  Session ID: BAh7ByIKZmxhc2hJQzonQWN0aW9uQ29udHJvbGxlcjo6Rmxhc2g6OkZsYXNo
SGFzaHsABjoKQHVzZWR7ADoMY3NyZl9pZCIlYzNmNmYzNmNjNDRkMjQwOTg1
YWMxYzkwZTkxOWU3YWE=--4916fa5cdd3d3c01bd0848946280aee4e3af39ec
  Parameters: {"action"=>"index", "controller"=>"questions"}
  [4;36;1mQuestion Load (0.000525)[0m   [0;1mSELECT * FROM "questions" [0m
Rendering template within layouts/questions
Rendering questions/index
Completed in 0.00868 (115 reqs/sec) | Rendering: 0.00327 (37%) | DB: 0.00052 (6%) | 200 OK [http://localhost/questions]


Processing QuestionsController#index (for 127.0.0.1 at 2008-09-30 22:13:30) [GET]
  Session ID: BAh7ByIKZmxhc2hJQzonQWN0aW9uQ29udHJvbGxlcjo6Rmxhc2g6OkZsYXNo
SGFzaHsABjoKQHVzZWR7ADoMY3NyZl9pZCIlYzNmNmYzNmNjNDRkMjQwOTg1
YWMxYzkwZTkxOWU3YWE=--4916fa5cdd3d3c01bd0848946280aee4e3af39ec
  Parameters: {"action"=>"index", "controller"=>"questions"}
  [4;35;1mQuestion Load (0.000455)[0m   [0mSELECT * FROM "questions" [0m
Rendering template within layouts/questions
Rendering questions/index
Completed in 0.00897 (111 reqs/sec) | Rendering: 0.00328 (36%) | DB: 0.00046 (5%) | 200 OK [http://localhost/questions]


Processing QuestionsController#show (for 127.0.0.1 at 2008-09-30 22:13:31) [GET]
  Session ID: BAh7ByIKZmxhc2hJQzonQWN0aW9uQ29udHJvbGxlcjo6Rmxhc2g6OkZsYXNo
SGFzaHsABjoKQHVzZWR7ADoMY3NyZl9pZCIlYzNmNmYzNmNjNDRkMjQwOTg1
YWMxYzkwZTkxOWU3YWE=--4916fa5cdd3d3c01bd0848946280aee4e3af39ec
  Parameters: {"action"=>"show", "id"=>"1", "controller"=>"questions"}
  [4;36;1mQuestion Load (0.000315)[0m   [0;1mSELECT * FROM "questions" WHERE ("questions"."id" = 1) [0m
Rendering template within layouts/questions
Rendering questions/show
Completed in 0.00935 (106 reqs/sec) | Rendering: 0.00163 (17%) | DB: 0.00031 (3%) | 200 OK [http://localhost/questions/1]


Processing QuestionsController#index (for 127.0.0.1 at 2008-09-30 22:39:11) [GET]
  Session ID: BAh7ByIKZmxhc2hJQzonQWN0aW9uQ29udHJvbGxlcjo6Rmxhc2g6OkZsYXNo
SGFzaHsABjoKQHVzZWR7ADoMY3NyZl9pZCIlYzNmNmYzNmNjNDRkMjQwOTg1
YWMxYzkwZTkxOWU3YWE=--4916fa5cdd3d3c01bd0848946280aee4e3af39ec
  Parameters: {"action"=>"index", "controller"=>"questions"}
  [4;35;1mQuestion Load (0.000437)[0m   [0mSELECT * FROM "questions" [0m
Rendering template within layouts/questions
Rendering questions/index
Completed in 0.00936 (106 reqs/sec) | Rendering: 0.00395 (42%) | DB: 0.00044 (4%) | 200 OK [http://localhost/questions]


Processing QuestionsController#show (for 127.0.0.1 at 2008-09-30 22:39:13) [GET]
  Session ID: BAh7ByIKZmxhc2hJQzonQWN0aW9uQ29udHJvbGxlcjo6Rmxhc2g6OkZsYXNo
SGFzaHsABjoKQHVzZWR7ADoMY3NyZl9pZCIlYzNmNmYzNmNjNDRkMjQwOTg1
YWMxYzkwZTkxOWU3YWE=--4916fa5cdd3d3c01bd0848946280aee4e3af39ec
  Parameters: {"action"=>"show", "id"=>"1", "controller"=>"questions"}
  [4;36;1mQuestion Load (0.000228)[0m   [0;1mSELECT * FROM "questions" WHERE ("questions"."id" = 1) [0m
Rendering template within layouts/questions
Rendering questions/show
Completed in 0.00798 (125 reqs/sec) | Rendering: 0.00162 (20%) | DB: 0.00023 (2%) | 200 OK [http://localhost/questions/1]


Processing QuestionsController#show (for 127.0.0.1 at 2008-09-30 22:40:26) [GET]
  Session ID: BAh7ByIKZmxhc2hJQzonQWN0aW9uQ29udHJvbGxlcjo6Rmxhc2g6OkZsYXNo
SGFzaHsABjoKQHVzZWR7ADoMY3NyZl9pZCIlYzNmNmYzNmNjNDRkMjQwOTg1
YWMxYzkwZTkxOWU3YWE=--4916fa5cdd3d3c01bd0848946280aee4e3af39ec
  Parameters: {"action"=>"show", "id"=>"1", "controller"=>"questions"}
  [4;35;1mQuestion Load (0.000224)[0m   [0mSELECT * FROM "questions" WHERE ("questions"."id" = 1) [0m
Rendering template within layouts/questions
Rendering questions/show
Completed in 0.00934 (107 reqs/sec) | Rendering: 0.00291 (31%) | DB: 0.00022 (2%) | 200 OK [http://localhost/questions/1]


Processing QuestionsController#show (for 127.0.0.1 at 2008-09-30 22:41:12) [GET]
  Session ID: BAh7ByIKZmxhc2hJQzonQWN0aW9uQ29udHJvbGxlcjo6Rmxhc2g6OkZsYXNo
SGFzaHsABjoKQHVzZWR7ADoMY3NyZl9pZCIlYzNmNmYzNmNjNDRkMjQwOTg1
YWMxYzkwZTkxOWU3YWE=--4916fa5cdd3d3c01bd0848946280aee4e3af39ec
  Parameters: {"action"=>"show", "id"=>"1", "controller"=>"questions"}
  [4;36;1mQuestion Load (0.000243)[0m   [0;1mSELECT * FROM "questions" WHERE ("questions"."id" = 1) [0m
Rendering template within layouts/questions
Rendering questions/show
Completed in 0.00827 (120 reqs/sec) | Rendering: 0.00209 (25%) | DB: 0.00024 (2%) | 200 OK [http://localhost/questions/1]
